<?xml version="1.0" encoding="UTF-8"?>
<testsuite xmlns:xsi="http://www.w3.org/2001/XMLSchema-instance" xsi:noNamespaceSchemaLocation="https://maven.apache.org/surefire/maven-surefire-plugin/xsd/surefire-test-report.xsd" name="org.interview.bcs.domains.book.UpsertBookControllerTest" time="0.039" tests="2" errors="0" skipped="0" failures="0">
  <properties>
    <property name="gopherProxySet" value="false"/>
    <property name="awt.toolkit" value="sun.lwawt.macosx.LWCToolkit"/>
    <property name="file.encoding.pkg" value="sun.io"/>
    <property name="java.specification.version" value="1.8"/>
    <property name="sun.cpu.isalist" value=""/>
    <property name="sun.jnu.encoding" value="UTF-8"/>
    <property name="java.class.path" value="/Users/wanghu/Desktop/bcs/service/target/test-classes:/Users/wanghu/Desktop/bcs/service/target/classes:/Users/wanghu/.m2/repository/org/springframework/spring-context/5.3.27/spring-context-5.3.27.jar:/Users/wanghu/.m2/repository/org/springframework/spring-aop/5.3.27/spring-aop-5.3.27.jar:/Users/wanghu/.m2/repository/org/springframework/spring-beans/5.3.27/spring-beans-5.3.27.jar:/Users/wanghu/.m2/repository/org/springframework/spring-core/5.3.27/spring-core-5.3.27.jar:/Users/wanghu/.m2/repository/org/springframework/spring-jcl/5.3.27/spring-jcl-5.3.27.jar:/Users/wanghu/.m2/repository/org/springframework/spring-expression/5.3.27/spring-expression-5.3.27.jar:/Users/wanghu/Desktop/bcs/model/target/classes:/Users/wanghu/.m2/repository/com/alibaba/fastjson2/fastjson2/2.0.33/fastjson2-2.0.33.jar:/Users/wanghu/.m2/repository/org/projectlombok/lombok/1.18.28/lombok-1.18.28.jar:/Users/wanghu/.m2/repository/com/fasterxml/jackson/core/jackson-annotations/2.13.5/jackson-annotations-2.13.5.jar:/Users/wanghu/.m2/repository/org/hibernate/validator/hibernate-validator/6.2.5.Final/hibernate-validator-6.2.5.Final.jar:/Users/wanghu/.m2/repository/jakarta/validation/jakarta.validation-api/2.0.2/jakarta.validation-api-2.0.2.jar:/Users/wanghu/.m2/repository/org/jboss/logging/jboss-logging/3.4.3.Final/jboss-logging-3.4.3.Final.jar:/Users/wanghu/.m2/repository/com/fasterxml/classmate/1.5.1/classmate-1.5.1.jar:/Users/wanghu/.m2/repository/org/mybatis/spring/boot/mybatis-spring-boot-starter/2.3.2/mybatis-spring-boot-starter-2.3.2.jar:/Users/wanghu/.m2/repository/org/springframework/boot/spring-boot-starter/2.7.12/spring-boot-starter-2.7.12.jar:/Users/wanghu/.m2/repository/org/springframework/boot/spring-boot/2.7.12/spring-boot-2.7.12.jar:/Users/wanghu/.m2/repository/org/springframework/boot/spring-boot-starter-logging/2.7.12/spring-boot-starter-logging-2.7.12.jar:/Users/wanghu/.m2/repository/ch/qos/logback/logback-classic/1.2.12/logback-classic-1.2.12.jar:/Users/wanghu/.m2/repository/ch/qos/logback/logback-core/1.2.12/logback-core-1.2.12.jar:/Users/wanghu/.m2/repository/org/apache/logging/log4j/log4j-to-slf4j/2.17.2/log4j-to-slf4j-2.17.2.jar:/Users/wanghu/.m2/repository/org/apache/logging/log4j/log4j-api/2.17.2/log4j-api-2.17.2.jar:/Users/wanghu/.m2/repository/org/slf4j/jul-to-slf4j/1.7.36/jul-to-slf4j-1.7.36.jar:/Users/wanghu/.m2/repository/jakarta/annotation/jakarta.annotation-api/1.3.5/jakarta.annotation-api-1.3.5.jar:/Users/wanghu/.m2/repository/org/yaml/snakeyaml/1.30/snakeyaml-1.30.jar:/Users/wanghu/.m2/repository/org/springframework/boot/spring-boot-starter-jdbc/2.7.12/spring-boot-starter-jdbc-2.7.12.jar:/Users/wanghu/.m2/repository/com/zaxxer/HikariCP/4.0.3/HikariCP-4.0.3.jar:/Users/wanghu/.m2/repository/org/springframework/spring-jdbc/5.3.27/spring-jdbc-5.3.27.jar:/Users/wanghu/.m2/repository/org/mybatis/spring/boot/mybatis-spring-boot-autoconfigure/2.3.2/mybatis-spring-boot-autoconfigure-2.3.2.jar:/Users/wanghu/.m2/repository/org/mybatis/mybatis/3.5.14/mybatis-3.5.14.jar:/Users/wanghu/.m2/repository/org/mybatis/mybatis-spring/2.1.2/mybatis-spring-2.1.2.jar:/Users/wanghu/.m2/repository/com/github/ben-manes/caffeine/caffeine/2.9.3/caffeine-2.9.3.jar:/Users/wanghu/.m2/repository/org/checkerframework/checker-qual/3.19.0/checker-qual-3.19.0.jar:/Users/wanghu/.m2/repository/com/google/errorprone/error_prone_annotations/2.10.0/error_prone_annotations-2.10.0.jar:/Users/wanghu/.m2/repository/com/github/pagehelper/pagehelper-spring-boot-starter/2.1.0/pagehelper-spring-boot-starter-2.1.0.jar:/Users/wanghu/.m2/repository/com/github/pagehelper/pagehelper-spring-boot-autoconfigure/2.1.0/pagehelper-spring-boot-autoconfigure-2.1.0.jar:/Users/wanghu/.m2/repository/com/github/pagehelper/pagehelper/6.1.0/pagehelper-6.1.0.jar:/Users/wanghu/.m2/repository/com/github/jsqlparser/jsqlparser/4.7/jsqlparser-4.7.jar:/Users/wanghu/.m2/repository/com/mysql/mysql-connector-j/8.0.32/mysql-connector-j-8.0.32.jar:/Users/wanghu/.m2/repository/com/google/protobuf/protobuf-java/3.21.9/protobuf-java-3.21.9.jar:/Users/wanghu/.m2/repository/com/google/guava/guava/33.4.8-jre/guava-33.4.8-jre.jar:/Users/wanghu/.m2/repository/com/google/guava/failureaccess/1.0.3/failureaccess-1.0.3.jar:/Users/wanghu/.m2/repository/com/google/guava/listenablefuture/9999.0-empty-to-avoid-conflict-with-guava/listenablefuture-9999.0-empty-to-avoid-conflict-with-guava.jar:/Users/wanghu/.m2/repository/org/jspecify/jspecify/1.0.0/jspecify-1.0.0.jar:/Users/wanghu/.m2/repository/com/google/j2objc/j2objc-annotations/3.0.0/j2objc-annotations-3.0.0.jar:/Users/wanghu/.m2/repository/org/springframework/boot/spring-boot-starter-web/3.3.11/spring-boot-starter-web-3.3.11.jar:/Users/wanghu/.m2/repository/org/springframework/boot/spring-boot-starter-json/2.7.12/spring-boot-starter-json-2.7.12.jar:/Users/wanghu/.m2/repository/com/fasterxml/jackson/core/jackson-databind/2.13.5/jackson-databind-2.13.5.jar:/Users/wanghu/.m2/repository/com/fasterxml/jackson/core/jackson-core/2.13.5/jackson-core-2.13.5.jar:/Users/wanghu/.m2/repository/com/fasterxml/jackson/datatype/jackson-datatype-jdk8/2.13.5/jackson-datatype-jdk8-2.13.5.jar:/Users/wanghu/.m2/repository/com/fasterxml/jackson/datatype/jackson-datatype-jsr310/2.13.5/jackson-datatype-jsr310-2.13.5.jar:/Users/wanghu/.m2/repository/com/fasterxml/jackson/module/jackson-module-parameter-names/2.13.5/jackson-module-parameter-names-2.13.5.jar:/Users/wanghu/.m2/repository/org/springframework/boot/spring-boot-starter-tomcat/2.7.12/spring-boot-starter-tomcat-2.7.12.jar:/Users/wanghu/.m2/repository/org/apache/tomcat/embed/tomcat-embed-core/9.0.75/tomcat-embed-core-9.0.75.jar:/Users/wanghu/.m2/repository/org/apache/tomcat/embed/tomcat-embed-el/9.0.75/tomcat-embed-el-9.0.75.jar:/Users/wanghu/.m2/repository/org/apache/tomcat/embed/tomcat-embed-websocket/9.0.75/tomcat-embed-websocket-9.0.75.jar:/Users/wanghu/.m2/repository/org/springframework/spring-web/5.3.27/spring-web-5.3.27.jar:/Users/wanghu/.m2/repository/org/springframework/spring-webmvc/5.3.27/spring-webmvc-5.3.27.jar:/Users/wanghu/.m2/repository/org/springframework/cloud/spring-cloud-starter/3.1.8/spring-cloud-starter-3.1.8.jar:/Users/wanghu/.m2/repository/org/springframework/cloud/spring-cloud-context/3.1.8/spring-cloud-context-3.1.8.jar:/Users/wanghu/.m2/repository/org/springframework/security/spring-security-crypto/5.7.8/spring-security-crypto-5.7.8.jar:/Users/wanghu/.m2/repository/org/springframework/cloud/spring-cloud-commons/3.1.8/spring-cloud-commons-3.1.8.jar:/Users/wanghu/.m2/repository/org/springframework/security/spring-security-rsa/1.0.12.RELEASE/spring-security-rsa-1.0.12.RELEASE.jar:/Users/wanghu/.m2/repository/org/bouncycastle/bcpkix-jdk18on/1.73/bcpkix-jdk18on-1.73.jar:/Users/wanghu/.m2/repository/org/bouncycastle/bcprov-jdk18on/1.73/bcprov-jdk18on-1.73.jar:/Users/wanghu/.m2/repository/org/bouncycastle/bcutil-jdk18on/1.73/bcutil-jdk18on-1.73.jar:/Users/wanghu/.m2/repository/org/springframework/cloud/spring-cloud-openfeign-core/3.1.9/spring-cloud-openfeign-core-3.1.9.jar:/Users/wanghu/.m2/repository/org/springframework/boot/spring-boot-autoconfigure/2.7.12/spring-boot-autoconfigure-2.7.12.jar:/Users/wanghu/.m2/repository/org/springframework/boot/spring-boot-starter-aop/2.7.12/spring-boot-starter-aop-2.7.12.jar:/Users/wanghu/.m2/repository/org/aspectj/aspectjweaver/1.9.7/aspectjweaver-1.9.7.jar:/Users/wanghu/.m2/repository/io/github/openfeign/form/feign-form-spring/3.8.0/feign-form-spring-3.8.0.jar:/Users/wanghu/.m2/repository/io/github/openfeign/form/feign-form/3.8.0/feign-form-3.8.0.jar:/Users/wanghu/.m2/repository/org/slf4j/slf4j-api/1.7.36/slf4j-api-1.7.36.jar:/Users/wanghu/.m2/repository/commons-fileupload/commons-fileupload/1.5/commons-fileupload-1.5.jar:/Users/wanghu/.m2/repository/commons-io/commons-io/2.11.0/commons-io-2.11.0.jar:/Users/wanghu/.m2/repository/org/springframework/boot/spring-boot-starter-actuator/2.7.12/spring-boot-starter-actuator-2.7.12.jar:/Users/wanghu/.m2/repository/org/springframework/boot/spring-boot-actuator-autoconfigure/2.7.12/spring-boot-actuator-autoconfigure-2.7.12.jar:/Users/wanghu/.m2/repository/org/springframework/boot/spring-boot-actuator/2.7.12/spring-boot-actuator-2.7.12.jar:/Users/wanghu/.m2/repository/io/micrometer/micrometer-core/1.9.11/micrometer-core-1.9.11.jar:/Users/wanghu/.m2/repository/org/hdrhistogram/HdrHistogram/2.1.12/HdrHistogram-2.1.12.jar:/Users/wanghu/.m2/repository/org/latencyutils/LatencyUtils/2.0.3/LatencyUtils-2.0.3.jar:/Users/wanghu/.m2/repository/com/opencsv/opencsv/5.5.2/opencsv-5.5.2.jar:/Users/wanghu/.m2/repository/org/apache/commons/commons-lang3/3.12.0/commons-lang3-3.12.0.jar:/Users/wanghu/.m2/repository/org/apache/commons/commons-text/1.9/commons-text-1.9.jar:/Users/wanghu/.m2/repository/commons-beanutils/commons-beanutils/1.9.4/commons-beanutils-1.9.4.jar:/Users/wanghu/.m2/repository/commons-logging/commons-logging/1.2/commons-logging-1.2.jar:/Users/wanghu/.m2/repository/commons-collections/commons-collections/3.2.2/commons-collections-3.2.2.jar:/Users/wanghu/.m2/repository/org/apache/commons/commons-collections4/4.4/commons-collections4-4.4.jar:/Users/wanghu/.m2/repository/org/springframework/boot/spring-boot-starter-test/2.7.12/spring-boot-starter-test-2.7.12.jar:/Users/wanghu/.m2/repository/org/springframework/boot/spring-boot-test/2.7.12/spring-boot-test-2.7.12.jar:/Users/wanghu/.m2/repository/org/springframework/boot/spring-boot-test-autoconfigure/2.7.12/spring-boot-test-autoconfigure-2.7.12.jar:/Users/wanghu/.m2/repository/com/jayway/jsonpath/json-path/2.7.0/json-path-2.7.0.jar:/Users/wanghu/.m2/repository/net/minidev/json-smart/2.4.11/json-smart-2.4.11.jar:/Users/wanghu/.m2/repository/net/minidev/accessors-smart/2.4.11/accessors-smart-2.4.11.jar:/Users/wanghu/.m2/repository/org/ow2/asm/asm/9.3/asm-9.3.jar:/Users/wanghu/.m2/repository/jakarta/xml/bind/jakarta.xml.bind-api/2.3.3/jakarta.xml.bind-api-2.3.3.jar:/Users/wanghu/.m2/repository/jakarta/activation/jakarta.activation-api/1.2.2/jakarta.activation-api-1.2.2.jar:/Users/wanghu/.m2/repository/org/assertj/assertj-core/3.22.0/assertj-core-3.22.0.jar:/Users/wanghu/.m2/repository/org/hamcrest/hamcrest/2.2/hamcrest-2.2.jar:/Users/wanghu/.m2/repository/org/junit/jupiter/junit-jupiter/5.8.2/junit-jupiter-5.8.2.jar:/Users/wanghu/.m2/repository/org/junit/jupiter/junit-jupiter-api/5.8.2/junit-jupiter-api-5.8.2.jar:/Users/wanghu/.m2/repository/org/opentest4j/opentest4j/1.2.0/opentest4j-1.2.0.jar:/Users/wanghu/.m2/repository/org/junit/platform/junit-platform-commons/1.8.2/junit-platform-commons-1.8.2.jar:/Users/wanghu/.m2/repository/org/apiguardian/apiguardian-api/1.1.2/apiguardian-api-1.1.2.jar:/Users/wanghu/.m2/repository/org/junit/jupiter/junit-jupiter-params/5.8.2/junit-jupiter-params-5.8.2.jar:/Users/wanghu/.m2/repository/org/junit/jupiter/junit-jupiter-engine/5.8.2/junit-jupiter-engine-5.8.2.jar:/Users/wanghu/.m2/repository/org/junit/platform/junit-platform-engine/1.8.2/junit-platform-engine-1.8.2.jar:/Users/wanghu/.m2/repository/org/mockito/mockito-core/4.5.1/mockito-core-4.5.1.jar:/Users/wanghu/.m2/repository/net/bytebuddy/byte-buddy/1.12.23/byte-buddy-1.12.23.jar:/Users/wanghu/.m2/repository/net/bytebuddy/byte-buddy-agent/1.12.23/byte-buddy-agent-1.12.23.jar:/Users/wanghu/.m2/repository/org/objenesis/objenesis/3.2/objenesis-3.2.jar:/Users/wanghu/.m2/repository/org/mockito/mockito-junit-jupiter/4.5.1/mockito-junit-jupiter-4.5.1.jar:/Users/wanghu/.m2/repository/org/skyscreamer/jsonassert/1.5.1/jsonassert-1.5.1.jar:/Users/wanghu/.m2/repository/com/vaadin/external/google/android-json/0.0.20131108.vaadin1/android-json-0.0.20131108.vaadin1.jar:/Users/wanghu/.m2/repository/org/springframework/spring-test/5.3.27/spring-test-5.3.27.jar:/Users/wanghu/.m2/repository/org/xmlunit/xmlunit-core/2.9.1/xmlunit-core-2.9.1.jar:/Users/wanghu/.m2/repository/org/mybatis/spring/boot/mybatis-spring-boot-starter-test/2.3.2/mybatis-spring-boot-starter-test-2.3.2.jar:/Users/wanghu/.m2/repository/org/mybatis/spring/boot/mybatis-spring-boot-test-autoconfigure/2.3.2/mybatis-spring-boot-test-autoconfigure-2.3.2.jar:/Users/wanghu/.m2/repository/org/springframework/spring-tx/5.3.27/spring-tx-5.3.27.jar:"/>
    <property name="java.vm.vendor" value="Oracle Corporation"/>
    <property name="sun.arch.data.model" value="64"/>
    <property name="java.vendor.url" value="http://java.oracle.com/"/>
    <property name="user.timezone" value=""/>
    <property name="java.vm.specification.version" value="1.8"/>
    <property name="os.name" value="Mac OS X"/>
    <property name="user.country" value="CN"/>
    <property name="sun.java.launcher" value="SUN_STANDARD"/>
    <property name="sun.boot.library.path" value="/Users/wanghu/jdk1.8/Contents/Home/jre/lib"/>
    <property name="sun.java.command" value="/Users/wanghu/Desktop/bcs/service/target/surefire/surefirebooter6898828686071305671.jar /Users/wanghu/Desktop/bcs/service/target/surefire 2025-05-17T15-45-39_583-jvmRun1 surefire2980235875365656339tmp surefire_01128134099586029654tmp"/>
    <property name="http.nonProxyHosts" value="local|*.local|169.254/16|*.169.254/16"/>
    <property name="surefire.test.class.path" value="/Users/wanghu/Desktop/bcs/service/target/test-classes:/Users/wanghu/Desktop/bcs/service/target/classes:/Users/wanghu/.m2/repository/org/springframework/spring-context/5.3.27/spring-context-5.3.27.jar:/Users/wanghu/.m2/repository/org/springframework/spring-aop/5.3.27/spring-aop-5.3.27.jar:/Users/wanghu/.m2/repository/org/springframework/spring-beans/5.3.27/spring-beans-5.3.27.jar:/Users/wanghu/.m2/repository/org/springframework/spring-core/5.3.27/spring-core-5.3.27.jar:/Users/wanghu/.m2/repository/org/springframework/spring-jcl/5.3.27/spring-jcl-5.3.27.jar:/Users/wanghu/.m2/repository/org/springframework/spring-expression/5.3.27/spring-expression-5.3.27.jar:/Users/wanghu/Desktop/bcs/model/target/classes:/Users/wanghu/.m2/repository/com/alibaba/fastjson2/fastjson2/2.0.33/fastjson2-2.0.33.jar:/Users/wanghu/.m2/repository/org/projectlombok/lombok/1.18.28/lombok-1.18.28.jar:/Users/wanghu/.m2/repository/com/fasterxml/jackson/core/jackson-annotations/2.13.5/jackson-annotations-2.13.5.jar:/Users/wanghu/.m2/repository/org/hibernate/validator/hibernate-validator/6.2.5.Final/hibernate-validator-6.2.5.Final.jar:/Users/wanghu/.m2/repository/jakarta/validation/jakarta.validation-api/2.0.2/jakarta.validation-api-2.0.2.jar:/Users/wanghu/.m2/repository/org/jboss/logging/jboss-logging/3.4.3.Final/jboss-logging-3.4.3.Final.jar:/Users/wanghu/.m2/repository/com/fasterxml/classmate/1.5.1/classmate-1.5.1.jar:/Users/wanghu/.m2/repository/org/mybatis/spring/boot/mybatis-spring-boot-starter/2.3.2/mybatis-spring-boot-starter-2.3.2.jar:/Users/wanghu/.m2/repository/org/springframework/boot/spring-boot-starter/2.7.12/spring-boot-starter-2.7.12.jar:/Users/wanghu/.m2/repository/org/springframework/boot/spring-boot/2.7.12/spring-boot-2.7.12.jar:/Users/wanghu/.m2/repository/org/springframework/boot/spring-boot-starter-logging/2.7.12/spring-boot-starter-logging-2.7.12.jar:/Users/wanghu/.m2/repository/ch/qos/logback/logback-classic/1.2.12/logback-classic-1.2.12.jar:/Users/wanghu/.m2/repository/ch/qos/logback/logback-core/1.2.12/logback-core-1.2.12.jar:/Users/wanghu/.m2/repository/org/apache/logging/log4j/log4j-to-slf4j/2.17.2/log4j-to-slf4j-2.17.2.jar:/Users/wanghu/.m2/repository/org/apache/logging/log4j/log4j-api/2.17.2/log4j-api-2.17.2.jar:/Users/wanghu/.m2/repository/org/slf4j/jul-to-slf4j/1.7.36/jul-to-slf4j-1.7.36.jar:/Users/wanghu/.m2/repository/jakarta/annotation/jakarta.annotation-api/1.3.5/jakarta.annotation-api-1.3.5.jar:/Users/wanghu/.m2/repository/org/yaml/snakeyaml/1.30/snakeyaml-1.30.jar:/Users/wanghu/.m2/repository/org/springframework/boot/spring-boot-starter-jdbc/2.7.12/spring-boot-starter-jdbc-2.7.12.jar:/Users/wanghu/.m2/repository/com/zaxxer/HikariCP/4.0.3/HikariCP-4.0.3.jar:/Users/wanghu/.m2/repository/org/springframework/spring-jdbc/5.3.27/spring-jdbc-5.3.27.jar:/Users/wanghu/.m2/repository/org/mybatis/spring/boot/mybatis-spring-boot-autoconfigure/2.3.2/mybatis-spring-boot-autoconfigure-2.3.2.jar:/Users/wanghu/.m2/repository/org/mybatis/mybatis/3.5.14/mybatis-3.5.14.jar:/Users/wanghu/.m2/repository/org/mybatis/mybatis-spring/2.1.2/mybatis-spring-2.1.2.jar:/Users/wanghu/.m2/repository/com/github/ben-manes/caffeine/caffeine/2.9.3/caffeine-2.9.3.jar:/Users/wanghu/.m2/repository/org/checkerframework/checker-qual/3.19.0/checker-qual-3.19.0.jar:/Users/wanghu/.m2/repository/com/google/errorprone/error_prone_annotations/2.10.0/error_prone_annotations-2.10.0.jar:/Users/wanghu/.m2/repository/com/github/pagehelper/pagehelper-spring-boot-starter/2.1.0/pagehelper-spring-boot-starter-2.1.0.jar:/Users/wanghu/.m2/repository/com/github/pagehelper/pagehelper-spring-boot-autoconfigure/2.1.0/pagehelper-spring-boot-autoconfigure-2.1.0.jar:/Users/wanghu/.m2/repository/com/github/pagehelper/pagehelper/6.1.0/pagehelper-6.1.0.jar:/Users/wanghu/.m2/repository/com/github/jsqlparser/jsqlparser/4.7/jsqlparser-4.7.jar:/Users/wanghu/.m2/repository/com/mysql/mysql-connector-j/8.0.32/mysql-connector-j-8.0.32.jar:/Users/wanghu/.m2/repository/com/google/protobuf/protobuf-java/3.21.9/protobuf-java-3.21.9.jar:/Users/wanghu/.m2/repository/com/google/guava/guava/33.4.8-jre/guava-33.4.8-jre.jar:/Users/wanghu/.m2/repository/com/google/guava/failureaccess/1.0.3/failureaccess-1.0.3.jar:/Users/wanghu/.m2/repository/com/google/guava/listenablefuture/9999.0-empty-to-avoid-conflict-with-guava/listenablefuture-9999.0-empty-to-avoid-conflict-with-guava.jar:/Users/wanghu/.m2/repository/org/jspecify/jspecify/1.0.0/jspecify-1.0.0.jar:/Users/wanghu/.m2/repository/com/google/j2objc/j2objc-annotations/3.0.0/j2objc-annotations-3.0.0.jar:/Users/wanghu/.m2/repository/org/springframework/boot/spring-boot-starter-web/3.3.11/spring-boot-starter-web-3.3.11.jar:/Users/wanghu/.m2/repository/org/springframework/boot/spring-boot-starter-json/2.7.12/spring-boot-starter-json-2.7.12.jar:/Users/wanghu/.m2/repository/com/fasterxml/jackson/core/jackson-databind/2.13.5/jackson-databind-2.13.5.jar:/Users/wanghu/.m2/repository/com/fasterxml/jackson/core/jackson-core/2.13.5/jackson-core-2.13.5.jar:/Users/wanghu/.m2/repository/com/fasterxml/jackson/datatype/jackson-datatype-jdk8/2.13.5/jackson-datatype-jdk8-2.13.5.jar:/Users/wanghu/.m2/repository/com/fasterxml/jackson/datatype/jackson-datatype-jsr310/2.13.5/jackson-datatype-jsr310-2.13.5.jar:/Users/wanghu/.m2/repository/com/fasterxml/jackson/module/jackson-module-parameter-names/2.13.5/jackson-module-parameter-names-2.13.5.jar:/Users/wanghu/.m2/repository/org/springframework/boot/spring-boot-starter-tomcat/2.7.12/spring-boot-starter-tomcat-2.7.12.jar:/Users/wanghu/.m2/repository/org/apache/tomcat/embed/tomcat-embed-core/9.0.75/tomcat-embed-core-9.0.75.jar:/Users/wanghu/.m2/repository/org/apache/tomcat/embed/tomcat-embed-el/9.0.75/tomcat-embed-el-9.0.75.jar:/Users/wanghu/.m2/repository/org/apache/tomcat/embed/tomcat-embed-websocket/9.0.75/tomcat-embed-websocket-9.0.75.jar:/Users/wanghu/.m2/repository/org/springframework/spring-web/5.3.27/spring-web-5.3.27.jar:/Users/wanghu/.m2/repository/org/springframework/spring-webmvc/5.3.27/spring-webmvc-5.3.27.jar:/Users/wanghu/.m2/repository/org/springframework/cloud/spring-cloud-starter/3.1.8/spring-cloud-starter-3.1.8.jar:/Users/wanghu/.m2/repository/org/springframework/cloud/spring-cloud-context/3.1.8/spring-cloud-context-3.1.8.jar:/Users/wanghu/.m2/repository/org/springframework/security/spring-security-crypto/5.7.8/spring-security-crypto-5.7.8.jar:/Users/wanghu/.m2/repository/org/springframework/cloud/spring-cloud-commons/3.1.8/spring-cloud-commons-3.1.8.jar:/Users/wanghu/.m2/repository/org/springframework/security/spring-security-rsa/1.0.12.RELEASE/spring-security-rsa-1.0.12.RELEASE.jar:/Users/wanghu/.m2/repository/org/bouncycastle/bcpkix-jdk18on/1.73/bcpkix-jdk18on-1.73.jar:/Users/wanghu/.m2/repository/org/bouncycastle/bcprov-jdk18on/1.73/bcprov-jdk18on-1.73.jar:/Users/wanghu/.m2/repository/org/bouncycastle/bcutil-jdk18on/1.73/bcutil-jdk18on-1.73.jar:/Users/wanghu/.m2/repository/org/springframework/cloud/spring-cloud-openfeign-core/3.1.9/spring-cloud-openfeign-core-3.1.9.jar:/Users/wanghu/.m2/repository/org/springframework/boot/spring-boot-autoconfigure/2.7.12/spring-boot-autoconfigure-2.7.12.jar:/Users/wanghu/.m2/repository/org/springframework/boot/spring-boot-starter-aop/2.7.12/spring-boot-starter-aop-2.7.12.jar:/Users/wanghu/.m2/repository/org/aspectj/aspectjweaver/1.9.7/aspectjweaver-1.9.7.jar:/Users/wanghu/.m2/repository/io/github/openfeign/form/feign-form-spring/3.8.0/feign-form-spring-3.8.0.jar:/Users/wanghu/.m2/repository/io/github/openfeign/form/feign-form/3.8.0/feign-form-3.8.0.jar:/Users/wanghu/.m2/repository/org/slf4j/slf4j-api/1.7.36/slf4j-api-1.7.36.jar:/Users/wanghu/.m2/repository/commons-fileupload/commons-fileupload/1.5/commons-fileupload-1.5.jar:/Users/wanghu/.m2/repository/commons-io/commons-io/2.11.0/commons-io-2.11.0.jar:/Users/wanghu/.m2/repository/org/springframework/boot/spring-boot-starter-actuator/2.7.12/spring-boot-starter-actuator-2.7.12.jar:/Users/wanghu/.m2/repository/org/springframework/boot/spring-boot-actuator-autoconfigure/2.7.12/spring-boot-actuator-autoconfigure-2.7.12.jar:/Users/wanghu/.m2/repository/org/springframework/boot/spring-boot-actuator/2.7.12/spring-boot-actuator-2.7.12.jar:/Users/wanghu/.m2/repository/io/micrometer/micrometer-core/1.9.11/micrometer-core-1.9.11.jar:/Users/wanghu/.m2/repository/org/hdrhistogram/HdrHistogram/2.1.12/HdrHistogram-2.1.12.jar:/Users/wanghu/.m2/repository/org/latencyutils/LatencyUtils/2.0.3/LatencyUtils-2.0.3.jar:/Users/wanghu/.m2/repository/com/opencsv/opencsv/5.5.2/opencsv-5.5.2.jar:/Users/wanghu/.m2/repository/org/apache/commons/commons-lang3/3.12.0/commons-lang3-3.12.0.jar:/Users/wanghu/.m2/repository/org/apache/commons/commons-text/1.9/commons-text-1.9.jar:/Users/wanghu/.m2/repository/commons-beanutils/commons-beanutils/1.9.4/commons-beanutils-1.9.4.jar:/Users/wanghu/.m2/repository/commons-logging/commons-logging/1.2/commons-logging-1.2.jar:/Users/wanghu/.m2/repository/commons-collections/commons-collections/3.2.2/commons-collections-3.2.2.jar:/Users/wanghu/.m2/repository/org/apache/commons/commons-collections4/4.4/commons-collections4-4.4.jar:/Users/wanghu/.m2/repository/org/springframework/boot/spring-boot-starter-test/2.7.12/spring-boot-starter-test-2.7.12.jar:/Users/wanghu/.m2/repository/org/springframework/boot/spring-boot-test/2.7.12/spring-boot-test-2.7.12.jar:/Users/wanghu/.m2/repository/org/springframework/boot/spring-boot-test-autoconfigure/2.7.12/spring-boot-test-autoconfigure-2.7.12.jar:/Users/wanghu/.m2/repository/com/jayway/jsonpath/json-path/2.7.0/json-path-2.7.0.jar:/Users/wanghu/.m2/repository/net/minidev/json-smart/2.4.11/json-smart-2.4.11.jar:/Users/wanghu/.m2/repository/net/minidev/accessors-smart/2.4.11/accessors-smart-2.4.11.jar:/Users/wanghu/.m2/repository/org/ow2/asm/asm/9.3/asm-9.3.jar:/Users/wanghu/.m2/repository/jakarta/xml/bind/jakarta.xml.bind-api/2.3.3/jakarta.xml.bind-api-2.3.3.jar:/Users/wanghu/.m2/repository/jakarta/activation/jakarta.activation-api/1.2.2/jakarta.activation-api-1.2.2.jar:/Users/wanghu/.m2/repository/org/assertj/assertj-core/3.22.0/assertj-core-3.22.0.jar:/Users/wanghu/.m2/repository/org/hamcrest/hamcrest/2.2/hamcrest-2.2.jar:/Users/wanghu/.m2/repository/org/junit/jupiter/junit-jupiter/5.8.2/junit-jupiter-5.8.2.jar:/Users/wanghu/.m2/repository/org/junit/jupiter/junit-jupiter-api/5.8.2/junit-jupiter-api-5.8.2.jar:/Users/wanghu/.m2/repository/org/opentest4j/opentest4j/1.2.0/opentest4j-1.2.0.jar:/Users/wanghu/.m2/repository/org/junit/platform/junit-platform-commons/1.8.2/junit-platform-commons-1.8.2.jar:/Users/wanghu/.m2/repository/org/apiguardian/apiguardian-api/1.1.2/apiguardian-api-1.1.2.jar:/Users/wanghu/.m2/repository/org/junit/jupiter/junit-jupiter-params/5.8.2/junit-jupiter-params-5.8.2.jar:/Users/wanghu/.m2/repository/org/junit/jupiter/junit-jupiter-engine/5.8.2/junit-jupiter-engine-5.8.2.jar:/Users/wanghu/.m2/repository/org/junit/platform/junit-platform-engine/1.8.2/junit-platform-engine-1.8.2.jar:/Users/wanghu/.m2/repository/org/mockito/mockito-core/4.5.1/mockito-core-4.5.1.jar:/Users/wanghu/.m2/repository/net/bytebuddy/byte-buddy/1.12.23/byte-buddy-1.12.23.jar:/Users/wanghu/.m2/repository/net/bytebuddy/byte-buddy-agent/1.12.23/byte-buddy-agent-1.12.23.jar:/Users/wanghu/.m2/repository/org/objenesis/objenesis/3.2/objenesis-3.2.jar:/Users/wanghu/.m2/repository/org/mockito/mockito-junit-jupiter/4.5.1/mockito-junit-jupiter-4.5.1.jar:/Users/wanghu/.m2/repository/org/skyscreamer/jsonassert/1.5.1/jsonassert-1.5.1.jar:/Users/wanghu/.m2/repository/com/vaadin/external/google/android-json/0.0.20131108.vaadin1/android-json-0.0.20131108.vaadin1.jar:/Users/wanghu/.m2/repository/org/springframework/spring-test/5.3.27/spring-test-5.3.27.jar:/Users/wanghu/.m2/repository/org/xmlunit/xmlunit-core/2.9.1/xmlunit-core-2.9.1.jar:/Users/wanghu/.m2/repository/org/mybatis/spring/boot/mybatis-spring-boot-starter-test/2.3.2/mybatis-spring-boot-starter-test-2.3.2.jar:/Users/wanghu/.m2/repository/org/mybatis/spring/boot/mybatis-spring-boot-test-autoconfigure/2.3.2/mybatis-spring-boot-test-autoconfigure-2.3.2.jar:/Users/wanghu/.m2/repository/org/springframework/spring-tx/5.3.27/spring-tx-5.3.27.jar:"/>
    <property name="sun.cpu.endian" value="little"/>
    <property name="user.home" value="/Users/wanghu"/>
    <property name="user.language" value="zh"/>
    <property name="java.specification.vendor" value="Oracle Corporation"/>
    <property name="java.home" value="/Users/wanghu/jdk1.8/Contents/Home/jre"/>
    <property name="basedir" value="/Users/wanghu/Desktop/bcs/service"/>
    <property name="file.separator" value="/"/>
    <property name="line.separator" value="&#10;"/>
    <property name="java.vm.specification.vendor" value="Oracle Corporation"/>
    <property name="java.specification.name" value="Java Platform API Specification"/>
    <property name="java.awt.graphicsenv" value="sun.awt.CGraphicsEnvironment"/>
    <property name="surefire.real.class.path" value="/Users/wanghu/Desktop/bcs/service/target/surefire/surefirebooter6898828686071305671.jar:/Users/wanghu/.m2/repository/org/jacoco/org.jacoco.agent/0.8.7/org.jacoco.agent-0.8.7-runtime.jar"/>
    <property name="sun.boot.class.path" value="/Users/wanghu/jdk1.8/Contents/Home/jre/lib/resources.jar:/Users/wanghu/jdk1.8/Contents/Home/jre/lib/rt.jar:/Users/wanghu/jdk1.8/Contents/Home/jre/lib/jsse.jar:/Users/wanghu/jdk1.8/Contents/Home/jre/lib/jce.jar:/Users/wanghu/jdk1.8/Contents/Home/jre/lib/charsets.jar:/Users/wanghu/jdk1.8/Contents/Home/jre/lib/jfr.jar:/Users/wanghu/jdk1.8/Contents/Home/jre/classes"/>
    <property name="sun.management.compiler" value="HotSpot 64-Bit Tiered Compilers"/>
    <property name="ftp.nonProxyHosts" value="local|*.local|169.254/16|*.169.254/16"/>
    <property name="java.runtime.version" value="1.8.0_391-b13"/>
    <property name="user.name" value="wanghu"/>
    <property name="path.separator" value=":"/>
    <property name="os.version" value="15.4.1"/>
    <property name="java.endorsed.dirs" value="/Users/wanghu/jdk1.8/Contents/Home/jre/lib/endorsed"/>
    <property name="java.runtime.name" value="Java(TM) SE Runtime Environment"/>
    <property name="file.encoding" value="UTF-8"/>
    <property name="java.vm.name" value="Java HotSpot(TM) 64-Bit Server VM"/>
    <property name="localRepository" value="/Users/wanghu/.m2/repository"/>
    <property name="java.vendor.url.bug" value="http://bugreport.sun.com/bugreport/"/>
    <property name="java.io.tmpdir" value="/var/folders/fg/rkwb66s97pjd_w2fb04g45b00000gn/T/"/>
    <property name="java.version" value="1.8.0_391"/>
    <property name="user.dir" value="/Users/wanghu/Desktop/bcs/service"/>
    <property name="os.arch" value="aarch64"/>
    <property name="java.vm.specification.name" value="Java Virtual Machine Specification"/>
    <property name="java.awt.printerjob" value="sun.lwawt.macosx.CPrinterJob"/>
    <property name="sun.os.patch.level" value="unknown"/>
    <property name="java.library.path" value="/Users/wanghu/Library/Java/Extensions:/Library/Java/Extensions:/Network/Library/Java/Extensions:/System/Library/Java/Extensions:/usr/lib/java:."/>
    <property name="java.vm.info" value="mixed mode"/>
    <property name="java.vendor" value="Oracle Corporation"/>
    <property name="java.vm.version" value="25.391-b13"/>
    <property name="java.specification.maintenance.version" value="5"/>
    <property name="java.ext.dirs" value="/Users/wanghu/Library/Java/Extensions:/Users/wanghu/jdk1.8/Contents/Home/jre/lib/ext:/Library/Java/Extensions:/Network/Library/Java/Extensions:/System/Library/Java/Extensions:/usr/lib/java"/>
    <property name="sun.io.unicode.encoding" value="UnicodeBig"/>
    <property name="java.class.version" value="52.0"/>
    <property name="socksNonProxyHosts" value="local|*.local|169.254/16|*.169.254/16"/>
  </properties>
  <testcase name="t" classname="org.interview.bcs.domains.book.UpsertBookControllerTest" time="0.006"/>
  <testcase name="testUpsertBook" classname="org.interview.bcs.domains.book.UpsertBookControllerTest" time="0.03"/>
</testsuite>